d:\udacity\flyingcar\estimation project 4\fcnd-estimation-cpp-master\fcnd-estimation-cpp-master\project\x64\debug\vc142.pdb
d:\udacity\flyingcar\estimation project 4\fcnd-estimation-cpp-master\fcnd-estimation-cpp-master\project\x64\debug\vc142.idb
d:\udacity\flyingcar\estimation project 4\fcnd-estimation-cpp-master\fcnd-estimation-cpp-master\project\x64\debug\trajectory.obj
d:\udacity\flyingcar\estimation project 4\fcnd-estimation-cpp-master\fcnd-estimation-cpp-master\project\x64\debug\simulator.obj
d:\udacity\flyingcar\estimation project 4\fcnd-estimation-cpp-master\fcnd-estimation-cpp-master\project\x64\debug\quaddynamics.obj
d:\udacity\flyingcar\estimation project 4\fcnd-estimation-cpp-master\fcnd-estimation-cpp-master\project\x64\debug\basedynamics.obj
d:\udacity\flyingcar\estimation project 4\fcnd-estimation-cpp-master\fcnd-estimation-cpp-master\project\x64\debug\quadestimatorekf.obj
d:\udacity\flyingcar\estimation project 4\fcnd-estimation-cpp-master\fcnd-estimation-cpp-master\project\x64\debug\quadcontrol.obj
d:\udacity\flyingcar\estimation project 4\fcnd-estimation-cpp-master\fcnd-estimation-cpp-master\project\x64\debug\practicalsocket.obj
d:\udacity\flyingcar\estimation project 4\fcnd-estimation-cpp-master\fcnd-estimation-cpp-master\project\x64\debug\mavlinktranslation.obj
d:\udacity\flyingcar\estimation project 4\fcnd-estimation-cpp-master\fcnd-estimation-cpp-master\project\x64\debug\mavlinknode.obj
d:\udacity\flyingcar\estimation project 4\fcnd-estimation-cpp-master\fcnd-estimation-cpp-master\project\x64\debug\random.obj
d:\udacity\flyingcar\estimation project 4\fcnd-estimation-cpp-master\fcnd-estimation-cpp-master\project\x64\debug\geometry.obj
d:\udacity\flyingcar\estimation project 4\fcnd-estimation-cpp-master\fcnd-estimation-cpp-master\project\x64\debug\main.obj
d:\udacity\flyingcar\estimation project 4\fcnd-estimation-cpp-master\fcnd-estimation-cpp-master\project\x64\debug\visualizer_glut.obj
d:\udacity\flyingcar\estimation project 4\fcnd-estimation-cpp-master\fcnd-estimation-cpp-master\project\x64\debug\graphmanager.obj
d:\udacity\flyingcar\estimation project 4\fcnd-estimation-cpp-master\fcnd-estimation-cpp-master\project\x64\debug\graph.obj
d:\udacity\flyingcar\estimation project 4\fcnd-estimation-cpp-master\fcnd-estimation-cpp-master\project\x64\debug\glutmenu.obj
d:\udacity\flyingcar\estimation project 4\fcnd-estimation-cpp-master\fcnd-estimation-cpp-master\project\x64\debug\drawingfuncs.obj
d:\udacity\flyingcar\estimation project 4\fcnd-estimation-cpp-master\fcnd-estimation-cpp-master\project\x64\debug\colorutils.obj
d:\udacity\flyingcar\estimation project 4\fcnd-estimation-cpp-master\fcnd-estimation-cpp-master\project\x64\debug\basequadestimator.obj
d:\udacity\flyingcar\estimation project 4\fcnd-estimation-cpp-master\fcnd-estimation-cpp-master\project\x64\debug\basecontroller.obj
d:\udacity\flyingcar\estimation project 4\fcnd-estimation-cpp-master\fcnd-estimation-cpp-master\project\x64\debug\timer.obj
d:\udacity\flyingcar\estimation project 4\fcnd-estimation-cpp-master\fcnd-estimation-cpp-master\project\x64\debug\simpleconfig.obj
d:\udacity\flyingcar\estimation project 4\fcnd-estimation-cpp-master\fcnd-estimation-cpp-master\project\x64\debug\camera.obj
d:\udacity\flyingcar\estimation project 4\fcnd-estimation-cpp-master\fcnd-estimation-cpp-master\project\x64\debug\simulator.exe
d:\udacity\flyingcar\estimation project 4\fcnd-estimation-cpp-master\fcnd-estimation-cpp-master\project\x64\debug\simulator.ilk
d:\udacity\flyingcar\estimation project 4\fcnd-estimation-cpp-master\fcnd-estimation-cpp-master\project\x64\debug\simulator.pdb
d:\udacity\flyingcar\estimation project 4\fcnd-estimation-cpp-master\fcnd-estimation-cpp-master\project\x64\debug\simulator.tlog\cl.command.1.tlog
d:\udacity\flyingcar\estimation project 4\fcnd-estimation-cpp-master\fcnd-estimation-cpp-master\project\x64\debug\simulator.tlog\cl.read.1.tlog
d:\udacity\flyingcar\estimation project 4\fcnd-estimation-cpp-master\fcnd-estimation-cpp-master\project\x64\debug\simulator.tlog\cl.write.1.tlog
d:\udacity\flyingcar\estimation project 4\fcnd-estimation-cpp-master\fcnd-estimation-cpp-master\project\x64\debug\simulator.tlog\link.command.1.tlog
d:\udacity\flyingcar\estimation project 4\fcnd-estimation-cpp-master\fcnd-estimation-cpp-master\project\x64\debug\simulator.tlog\link.read.1.tlog
d:\udacity\flyingcar\estimation project 4\fcnd-estimation-cpp-master\fcnd-estimation-cpp-master\project\x64\debug\simulator.tlog\link.write.1.tlog
